<?xml version="1.0" encoding="UTF-8"?>
<testsuites>
  <testsuite name="CELO" tests="15" assertions="22" failures="3" errors="0" time="2.845245">
    <testsuite name="AdministratorTest\Controller\IndexControllerTest" file="D:\wamp\www\CELO\module\Administrator\test\AdministratorTest\Controller\IndexControllerTest.php" tests="1" assertions="6" failures="0" errors="0" time="0.221831">
      <testcase name="testHomePageActionCanBeAccessed" class="AdministratorTest\Controller\IndexControllerTest" file="D:\wamp\www\CELO\module\Administrator\test\AdministratorTest\Controller\IndexControllerTest.php" line="29" assertions="6" time="0.221831"/>
    </testsuite>
    <testsuite name="AdministratorTest\Controller\UserControllerTest" file="D:\wamp\www\CELO\module\Administrator\test\AdministratorTest\Controller\UserControllerTest.php" tests="12" assertions="10" failures="2" errors="0" time="2.206773">
      <testcase name="testLoginPageAdministrator" class="AdministratorTest\Controller\UserControllerTest" file="D:\wamp\www\CELO\module\Administrator\test\AdministratorTest\Controller\UserControllerTest.php" line="28" assertions="2" time="0.203097">
        <failure type="PHPUnit_Framework_ExpectationFailedException">AdministratorTest\Controller\UserControllerTest::testLoginPageAdministrator&#13;
Failed asserting controller name "administrator\controller\user", actual controller name is "administrator\controller\index"
&#13;
D:\wamp\www\CELO\vendor\zendframework\zend-test\src\PHPUnit\Controller\AbstractControllerTestCase.php:582
D:\wamp\www\CELO\module\Administrator\test\AdministratorTest\Controller\UserControllerTest.php:35
</failure>
      </testcase>
      <testcase name="testLoginActionAdministrator" class="AdministratorTest\Controller\UserControllerTest" file="D:\wamp\www\CELO\module\Administrator\test\AdministratorTest\Controller\UserControllerTest.php" line="39" assertions="2" time="0.425821">
        <failure type="PHPUnit_Framework_ExpectationFailedException">AdministratorTest\Controller\UserControllerTest::testLoginActionAdministrator&#13;
Failed asserting controller name "administrator\controller\user", actual controller name is "administrator\controller\index"
&#13;
D:\wamp\www\CELO\vendor\zendframework\zend-test\src\PHPUnit\Controller\AbstractControllerTestCase.php:582
D:\wamp\www\CELO\module\Administrator\test\AdministratorTest\Controller\UserControllerTest.php:46
</failure>
      </testcase>
      <testcase name="testAccessHomePage" class="AdministratorTest\Controller\UserControllerTest" file="D:\wamp\www\CELO\module\Administrator\test\AdministratorTest\Controller\UserControllerTest.php" line="51" assertions="0" time="0.142532"/>
      <testcase name="testViewCourses" class="AdministratorTest\Controller\UserControllerTest" file="D:\wamp\www\CELO\module\Administrator\test\AdministratorTest\Controller\UserControllerTest.php" line="55" assertions="0" time="0.140081"/>
      <testcase name="testViewCourseDetails" class="AdministratorTest\Controller\UserControllerTest" file="D:\wamp\www\CELO\module\Administrator\test\AdministratorTest\Controller\UserControllerTest.php" line="59" assertions="0" time="0.175400"/>
      <testcase name="testAddSectionToCourse" class="AdministratorTest\Controller\UserControllerTest" file="D:\wamp\www\CELO\module\Administrator\test\AdministratorTest\Controller\UserControllerTest.php" line="63" assertions="0" time="0.142841"/>
      <testcase name="testDeleteCourse" class="AdministratorTest\Controller\UserControllerTest" file="D:\wamp\www\CELO\module\Administrator\test\AdministratorTest\Controller\UserControllerTest.php" line="67" assertions="0" time="0.147507"/>
      <testcase name="testDeleteCourseSection" class="AdministratorTest\Controller\UserControllerTest" file="D:\wamp\www\CELO\module\Administrator\test\AdministratorTest\Controller\UserControllerTest.php" line="71" assertions="0" time="0.142513"/>
      <testcase name="testChangeCourseID" class="AdministratorTest\Controller\UserControllerTest" file="D:\wamp\www\CELO\module\Administrator\test\AdministratorTest\Controller\UserControllerTest.php" line="75" assertions="0" time="0.142074"/>
      <testcase name="testDeleteSection" class="AdministratorTest\Controller\UserControllerTest" file="D:\wamp\www\CELO\module\Administrator\test\AdministratorTest\Controller\UserControllerTest.php" line="79" assertions="0" time="0.190306"/>
      <testcase name="testLogout" class="AdministratorTest\Controller\UserControllerTest" file="D:\wamp\www\CELO\module\Administrator\test\AdministratorTest\Controller\UserControllerTest.php" line="83" assertions="0" time="0.139459"/>
      <testcase name="testLoginPageActionCanBeAccessed" class="AdministratorTest\Controller\UserControllerTest" file="D:\wamp\www\CELO\module\Administrator\test\AdministratorTest\Controller\UserControllerTest.php" line="89" assertions="6" time="0.215142"/>
    </testsuite>
    <testsuite name="ApplicationTest\Controller\IndexControllerTest" file="D:\wamp\www\CELO\module\Application\test\ApplicationTest\Controller\IndexControllerTest.php" tests="2" assertions="6" failures="1" errors="0" time="0.416641">
      <testcase name="testIndexActionCanBeAccessed" class="ApplicationTest\Controller\IndexControllerTest" file="D:\wamp\www\CELO\module\Application\test\ApplicationTest\Controller\IndexControllerTest.php" line="24" assertions="6" time="0.209491"/>
      <testcase name="testLoginActionCanBeAccessed" class="ApplicationTest\Controller\IndexControllerTest" file="D:\wamp\www\CELO\module\Application\test\ApplicationTest\Controller\IndexControllerTest.php" line="36" assertions="0" time="0.207150">
        <failure type="PHPUnit_Framework_ExpectationFailedException">ApplicationTest\Controller\IndexControllerTest::testLoginActionCanBeAccessed&#13;
Failed asserting response code "200", actual status code is "500"
&#13;
D:\wamp\www\CELO\vendor\zendframework\zend-test\src\PHPUnit\Controller\AbstractControllerTestCase.php:421
D:\wamp\www\CELO\module\Application\test\ApplicationTest\Controller\IndexControllerTest.php:40
</failure>
      </testcase>
    </testsuite>
  </testsuite>
</testsuites>
